<?xml version="1.0" encoding="UTF-8"?>
<testng-results ignored="0" total="3" passed="3" failed="0" skipped="0">
  <reporter-output>
  </reporter-output>
  <suite started-at="2024-09-11T16:09:24 IST" name="Default suite" finished-at="2024-09-11T16:09:25 IST" duration-ms="706">
    <groups>
    </groups>
    <test started-at="2024-09-11T16:09:24 IST" name="Default test" finished-at="2024-09-11T16:09:25 IST" duration-ms="706">
      <class name="testcases.Check2">
        <test-method signature="check(java.lang.String,java.lang.String,java.lang.String)[pri:0, instance:testcases.Check2@130d63be]" started-at="2024-09-11T16:09:25 IST" name="check" data-provider="testdata" finished-at="2024-09-11T16:09:25 IST" duration-ms="10" status="PASS">
          <params>
            <param index="0">
              <value>
                <![CDATA[hello]]>
              </value>
            </param>
            <param index="1">
              <value>
                <![CDATA[prici]]>
              </value>
            </param>
            <param index="2">
              <value>
                <![CDATA[1]]>
              </value>
            </param>
          </params>
          <reporter-output>
          </reporter-output>
        </test-method> <!-- check -->
        <test-method signature="check(java.lang.String,java.lang.String,java.lang.String)[pri:0, instance:testcases.Check2@130d63be]" started-at="2024-09-11T16:09:25 IST" name="check" data-provider="testdata" finished-at="2024-09-11T16:09:25 IST" duration-ms="1" status="PASS">
          <params>
            <param index="0">
              <value>
                <![CDATA[hi]]>
              </value>
            </param>
            <param index="1">
              <value>
                <![CDATA[arockia]]>
              </value>
            </param>
            <param index="2">
              <value>
                <![CDATA[2]]>
              </value>
            </param>
          </params>
          <reporter-output>
          </reporter-output>
        </test-method> <!-- check -->
        <test-method signature="check(java.lang.String,java.lang.String,java.lang.String)[pri:0, instance:testcases.Check2@130d63be]" started-at="2024-09-11T16:09:25 IST" name="check" data-provider="testdata" finished-at="2024-09-11T16:09:25 IST" duration-ms="2" status="PASS">
          <params>
            <param index="0">
              <value>
                <![CDATA[hey]]>
              </value>
            </param>
            <param index="1">
              <value>
                <![CDATA[stephen]]>
              </value>
            </param>
            <param index="2">
              <value>
                <![CDATA[3]]>
              </value>
            </param>
          </params>
          <reporter-output>
          </reporter-output>
        </test-method> <!-- check -->
      </class> <!-- testcases.Check2 -->
    </test> <!-- Default test -->
  </suite> <!-- Default suite -->
</testng-results>
